{"/home/rizkykr/Documents/Project/hrapp/src/index.ts": {"path":"/home/rizkykr/Documents/Project/hrapp/src/index.ts","statementMap":{"0":{"start":{"line":1,"column":0},"end":{"line":1,"column":30}},"1":{"start":{"line":2,"column":0},"end":{"line":2,"column":24}},"2":{"start":{"line":3,"column":0},"end":{"line":3,"column":43}},"3":{"start":{"line":5,"column":12},"end":{"line":5,"column":21}},"4":{"start":{"line":6,"column":0},"end":{"line":6,"column":16}},"5":{"start":{"line":7,"column":0},"end":{"line":7,"column":24}},"6":{"start":{"line":10,"column":0},"end":{"line":10,"column":27}},"7":{"start":{"line":12,"column":0},"end":{"line":12,"column":59}},"8":{"start":{"line":12,"column":25},"end":{"line":12,"column":57}},"9":{"start":{"line":14,"column":13},"end":{"line":14,"column":37}},"10":{"start":{"line":15,"column":0},"end":{"line":16,"column":72}},"11":{"start":{"line":16,"column":2},"end":{"line":16,"column":72}},"12":{"start":{"line":16,"column":25},"end":{"line":16,"column":70}},"13":{"start":{"line":18,"column":0},"end":{"line":18,"column":19}}},"fnMap":{"0":{"name":"(anonymous_1)","decl":{"start":{"line":12,"column":13},"end":{"line":12,"column":14}},"loc":{"start":{"line":12,"column":25},"end":{"line":12,"column":57}}},"1":{"name":"(anonymous_2)","decl":{"start":{"line":16,"column":19},"end":{"line":16,"column":22}},"loc":{"start":{"line":16,"column":25},"end":{"line":16,"column":70}}}},"branchMap":{"0":{"loc":{"start":{"line":14,"column":13},"end":{"line":14,"column":37}},"type":"binary-expr","locations":[{"start":{"line":14,"column":13},"end":{"line":14,"column":29}},{"start":{"line":14,"column":33},"end":{"line":14,"column":37}}]},"1":{"loc":{"start":{"line":15,"column":0},"end":{"line":16,"column":72}},"type":"if","locations":[{"start":{"line":15,"column":0},"end":{"line":16,"column":72}},{"start":{},"end":{}}]}},"s":{"0":1,"1":1,"2":1,"3":1,"4":1,"5":1,"6":1,"7":1,"8":0,"9":1,"10":1,"11":0,"12":0,"13":1},"f":{"0":0,"1":0},"b":{"0":[1,1],"1":[0,1]}}
,"/home/rizkykr/Documents/Project/hrapp/src/controllers/scheduleController.ts": {"path":"/home/rizkykr/Documents/Project/hrapp/src/controllers/scheduleController.ts","statementMap":{"0":{"start":{"line":2,"column":0},"end":{"line":2,"column":null}},"1":{"start":{"line":8,"column":0},"end":{"line":8,"column":51}},"2":{"start":{"line":11,"column":34},"end":{"line":33,"column":1}},"3":{"start":{"line":12,"column":35},"end":{"line":12,"column":44}},"4":{"start":{"line":13,"column":2},"end":{"line":17,"column":3}},"5":{"start":{"line":14,"column":4},"end":{"line":16,"column":76}},"6":{"start":{"line":19,"column":2},"end":{"line":32,"column":3}},"7":{"start":{"line":20,"column":22},"end":{"line":22,"column":null}},"8":{"start":{"line":24,"column":31},"end":{"line":28,"column":7}},"9":{"start":{"line":24,"column":53},"end":{"line":28,"column":6}},"10":{"start":{"line":29,"column":4},"end":{"line":29,"column":78}},"11":{"start":{"line":31,"column":4},"end":{"line":31,"column":77}},"12":{"start":{"line":11,"column":13},"end":{"line":11,"column":34}},"13":{"start":{"line":36,"column":34},"end":{"line":67,"column":1}},"14":{"start":{"line":37,"column":44},"end":{"line":37,"column":53}},"15":{"start":{"line":38,"column":2},"end":{"line":43,"column":3}},"16":{"start":{"line":39,"column":4},"end":{"line":42,"column":7}},"17":{"start":{"line":45,"column":20},"end":{"line":45,"column":54}},"18":{"start":{"line":46,"column":2},"end":{"line":48,"column":3}},"19":{"start":{"line":47,"column":4},"end":{"line":47,"column":80}},"20":{"start":{"line":50,"column":2},"end":{"line":66,"column":3}},"21":{"start":{"line":51,"column":21},"end":{"line":54,"column":null}},"22":{"start":{"line":57,"column":4},"end":{"line":61,"column":7}},"23":{"start":{"line":63,"column":4},"end":{"line":65,"column":64}},"24":{"start":{"line":36,"column":13},"end":{"line":36,"column":34}},"25":{"start":{"line":70,"column":34},"end":{"line":119,"column":1}},"26":{"start":{"line":71,"column":44},"end":{"line":71,"column":53}},"27":{"start":{"line":72,"column":2},"end":{"line":75,"column":76}},"28":{"start":{"line":73,"column":4},"end":{"line":75,"column":76}},"29":{"start":{"line":76,"column":2},"end":{"line":118,"column":3}},"30":{"start":{"line":78,"column":4},"end":{"line":111,"column":5}},"31":{"start":{"line":79,"column":24},"end":{"line":79,"column":58}},"32":{"start":{"line":80,"column":6},"end":{"line":83,"column":64}},"33":{"start":{"line":81,"column":8},"end":{"line":83,"column":64}},"34":{"start":{"line":84,"column":26},"end":{"line":87,"column":null}},"35":{"start":{"line":89,"column":6},"end":{"line":98,"column":8}},"36":{"start":{"line":93,"column":72},"end":{"line":96,"column":12}},"37":{"start":{"line":100,"column":6},"end":{"line":110,"column":10}},"38":{"start":{"line":103,"column":20},"end":{"line":110,"column":8}},"39":{"start":{"line":106,"column":69},"end":{"line":109,"column":10}},"40":{"start":{"line":112,"column":16},"end":{"line":112,"column":71}},"41":{"start":{"line":113,"column":4},"end":{"line":113,"column":43}},"42":{"start":{"line":114,"column":4},"end":{"line":114,"column":36}},"43":{"start":{"line":115,"column":4},"end":{"line":115,"column":18}},"44":{"start":{"line":117,"column":4},"end":{"line":117,"column":77}},"45":{"start":{"line":70,"column":13},"end":{"line":70,"column":34}},"46":{"start":{"line":122,"column":36},"end":{"line":146,"column":1}},"47":{"start":{"line":123,"column":28},"end":{"line":123,"column":37}},"48":{"start":{"line":124,"column":2},"end":{"line":127,"column":69}},"49":{"start":{"line":125,"column":4},"end":{"line":127,"column":69}},"50":{"start":{"line":128,"column":20},"end":{"line":128,"column":54}},"51":{"start":{"line":129,"column":2},"end":{"line":130,"column":80}},"52":{"start":{"line":130,"column":4},"end":{"line":130,"column":80}},"53":{"start":{"line":131,"column":2},"end":{"line":145,"column":3}},"54":{"start":{"line":132,"column":18},"end":{"line":132,"column":64}},"55":{"start":{"line":133,"column":4},"end":{"line":142,"column":7}},"56":{"start":{"line":144,"column":4},"end":{"line":144,"column":71}},"57":{"start":{"line":122,"column":13},"end":{"line":122,"column":36}}},"fnMap":{"0":{"name":"(anonymous_0)","decl":{"start":{"line":11,"column":34},"end":{"line":11,"column":35}},"loc":{"start":{"line":11,"column":66},"end":{"line":33,"column":1}}},"1":{"name":"(anonymous_1)","decl":{"start":{"line":24,"column":45},"end":{"line":24,"column":46}},"loc":{"start":{"line":24,"column":53},"end":{"line":28,"column":6}}},"2":{"name":"(anonymous_2)","decl":{"start":{"line":36,"column":34},"end":{"line":36,"column":35}},"loc":{"start":{"line":36,"column":66},"end":{"line":67,"column":1}}},"3":{"name":"(anonymous_3)","decl":{"start":{"line":70,"column":34},"end":{"line":70,"column":35}},"loc":{"start":{"line":70,"column":66},"end":{"line":119,"column":1}}},"4":{"name":"(anonymous_4)","decl":{"start":{"line":93,"column":52},"end":{"line":93,"column":53}},"loc":{"start":{"line":93,"column":72},"end":{"line":96,"column":12}}},"5":{"name":"(anonymous_5)","decl":{"start":{"line":103,"column":12},"end":{"line":103,"column":13}},"loc":{"start":{"line":103,"column":20},"end":{"line":110,"column":8}}},"6":{"name":"(anonymous_6)","decl":{"start":{"line":106,"column":49},"end":{"line":106,"column":50}},"loc":{"start":{"line":106,"column":69},"end":{"line":109,"column":10}}},"7":{"name":"(anonymous_7)","decl":{"start":{"line":122,"column":36},"end":{"line":122,"column":37}},"loc":{"start":{"line":122,"column":68},"end":{"line":146,"column":1}}}},"branchMap":{"0":{"loc":{"start":{"line":13,"column":2},"end":{"line":17,"column":3}},"type":"if","locations":[{"start":{"line":13,"column":2},"end":{"line":17,"column":3}},{"start":{},"end":{}}]},"1":{"loc":{"start":{"line":13,"column":6},"end":{"line":13,"column":30}},"type":"binary-expr","locations":[{"start":{"line":13,"column":6},"end":{"line":13,"column":17}},{"start":{"line":13,"column":21},"end":{"line":13,"column":30}}]},"2":{"loc":{"start":{"line":38,"column":2},"end":{"line":43,"column":3}},"type":"if","locations":[{"start":{"line":38,"column":2},"end":{"line":43,"column":3}},{"start":{},"end":{}}]},"3":{"loc":{"start":{"line":38,"column":6},"end":{"line":38,"column":42}},"type":"binary-expr","locations":[{"start":{"line":38,"column":6},"end":{"line":38,"column":17}},{"start":{"line":38,"column":21},"end":{"line":38,"column":30}},{"start":{"line":38,"column":34},"end":{"line":38,"column":42}}]},"4":{"loc":{"start":{"line":46,"column":2},"end":{"line":48,"column":3}},"type":"if","locations":[{"start":{"line":46,"column":2},"end":{"line":48,"column":3}},{"start":{},"end":{}}]},"5":{"loc":{"start":{"line":72,"column":2},"end":{"line":75,"column":76}},"type":"if","locations":[{"start":{"line":72,"column":2},"end":{"line":75,"column":76}},{"start":{},"end":{}}]},"6":{"loc":{"start":{"line":72,"column":6},"end":{"line":72,"column":30}},"type":"binary-expr","locations":[{"start":{"line":72,"column":6},"end":{"line":72,"column":17}},{"start":{"line":72,"column":21},"end":{"line":72,"column":30}}]},"7":{"loc":{"start":{"line":78,"column":4},"end":{"line":111,"column":5}},"type":"if","locations":[{"start":{"line":78,"column":4},"end":{"line":111,"column":5}},{"start":{"line":99,"column":11},"end":{"line":111,"column":5}}]},"8":{"loc":{"start":{"line":80,"column":6},"end":{"line":83,"column":64}},"type":"if","locations":[{"start":{"line":80,"column":6},"end":{"line":83,"column":64}},{"start":{},"end":{}}]},"9":{"loc":{"start":{"line":124,"column":2},"end":{"line":127,"column":69}},"type":"if","locations":[{"start":{"line":124,"column":2},"end":{"line":127,"column":69}},{"start":{},"end":{}}]},"10":{"loc":{"start":{"line":124,"column":6},"end":{"line":124,"column":23}},"type":"binary-expr","locations":[{"start":{"line":124,"column":6},"end":{"line":124,"column":14}},{"start":{"line":124,"column":18},"end":{"line":124,"column":23}}]},"11":{"loc":{"start":{"line":129,"column":2},"end":{"line":130,"column":80}},"type":"if","locations":[{"start":{"line":129,"column":2},"end":{"line":130,"column":80}},{"start":{},"end":{}}]}},"s":{"0":1,"1":1,"2":1,"3":1,"4":1,"5":0,"6":1,"7":1,"8":1,"9":4,"10":1,"11":0,"12":1,"13":1,"14":3,"15":3,"16":0,"17":3,"18":3,"19":0,"20":3,"21":3,"22":3,"23":0,"24":1,"25":1,"26":1,"27":1,"28":0,"29":1,"30":1,"31":1,"32":1,"33":0,"34":1,"35":1,"36":2,"37":0,"38":0,"39":0,"40":1,"41":1,"42":1,"43":1,"44":0,"45":1,"46":1,"47":0,"48":0,"49":0,"50":0,"51":0,"52":0,"53":0,"54":0,"55":0,"56":0,"57":1},"f":{"0":1,"1":4,"2":3,"3":1,"4":2,"5":0,"6":0,"7":0},"b":{"0":[0,1],"1":[1,1],"2":[0,3],"3":[3,3,3],"4":[0,3],"5":[0,1],"6":[1,1],"7":[1,0],"8":[0,1],"9":[0,0],"10":[0,0],"11":[0,0]}}
,"/home/rizkykr/Documents/Project/hrapp/src/models/user.ts": {"path":"/home/rizkykr/Documents/Project/hrapp/src/models/user.ts","statementMap":{"0":{"start":{"line":11,"column":13},"end":{"line":54,"column":2}}},"fnMap":{},"branchMap":{},"s":{"0":2},"f":{},"b":{}}
,"/home/rizkykr/Documents/Project/hrapp/src/routes/apiRoutes.ts": {"path":"/home/rizkykr/Documents/Project/hrapp/src/routes/apiRoutes.ts","statementMap":{"0":{"start":{"line":1,"column":0},"end":{"line":1,"column":33}},"1":{"start":{"line":2,"column":0},"end":{"line":2,"column":null}},"2":{"start":{"line":9,"column":15},"end":{"line":9,"column":23}},"3":{"start":{"line":11,"column":0},"end":{"line":15,"column":2}},"4":{"start":{"line":12,"column":2},"end":{"line":14,"column":34}},"5":{"start":{"line":17,"column":0},"end":{"line":17,"column":52}},"6":{"start":{"line":18,"column":0},"end":{"line":18,"column":52}},"7":{"start":{"line":20,"column":0},"end":{"line":20,"column":22}}},"fnMap":{"0":{"name":"(anonymous_0)","decl":{"start":{"line":11,"column":25},"end":{"line":11,"column":26}},"loc":{"start":{"line":12,"column":2},"end":{"line":14,"column":34}}}},"branchMap":{"0":{"loc":{"start":{"line":12,"column":2},"end":{"line":14,"column":34}},"type":"cond-expr","locations":[{"start":{"line":13,"column":6},"end":{"line":13,"column":34}},{"start":{"line":14,"column":6},"end":{"line":14,"column":34}}]}},"s":{"0":1,"1":1,"2":1,"3":1,"4":4,"5":1,"6":1,"7":1},"f":{"0":4},"b":{"0":[3,1]}}
,"/home/rizkykr/Documents/Project/hrapp/src/services/scheduleService.ts": {"path":"/home/rizkykr/Documents/Project/hrapp/src/services/scheduleService.ts","statementMap":{"0":{"start":{"line":4,"column":0},"end":{"line":4,"column":16}},"1":{"start":{"line":9,"column":0},"end":{"line":9,"column":16}},"2":{"start":{"line":22,"column":0},"end":{"line":22,"column":16}},"3":{"start":{"line":49,"column":0},"end":{"line":49,"column":16}},"4":{"start":{"line":1,"column":0},"end":{"line":1,"column":56}},"5":{"start":{"line":2,"column":0},"end":{"line":2,"column":70}},"6":{"start":{"line":5,"column":16},"end":{"line":5,"column":38}},"7":{"start":{"line":6,"column":2},"end":{"line":6,"column":80}},"8":{"start":{"line":6,"column":27},"end":{"line":6,"column":78}},"9":{"start":{"line":15,"column":17},"end":{"line":15,"column":31}},"10":{"start":{"line":16,"column":15},"end":{"line":16,"column":54}},"11":{"start":{"line":17,"column":15},"end":{"line":17,"column":53}},"12":{"start":{"line":18,"column":14},"end":{"line":18,"column":58}},"13":{"start":{"line":19,"column":2},"end":{"line":19,"column":40}},"14":{"start":{"line":28,"column":16},"end":{"line":28,"column":35}},"15":{"start":{"line":29,"column":14},"end":{"line":29,"column":31}},"16":{"start":{"line":30,"column":2},"end":{"line":32,"column":3}},"17":{"start":{"line":31,"column":4},"end":{"line":31,"column":42}},"18":{"start":{"line":33,"column":15},"end":{"line":33,"column":55}},"19":{"start":{"line":35,"column":4},"end":{"line":37,"column":40}},"20":{"start":{"line":38,"column":50},"end":{"line":38,"column":52}},"21":{"start":{"line":39,"column":2},"end":{"line":45,"column":3}},"22":{"start":{"line":39,"column":15},"end":{"line":39,"column":16}},"23":{"start":{"line":40,"column":20},"end":{"line":40,"column":60}},"24":{"start":{"line":41,"column":17},"end":{"line":41,"column":46}},"25":{"start":{"line":42,"column":4},"end":{"line":44,"column":19}},"26":{"start":{"line":46,"column":2},"end":{"line":46,"column":18}},"27":{"start":{"line":50,"column":2},"end":{"line":59,"column":6}},"28":{"start":{"line":50,"column":30},"end":{"line":59,"column":4}}},"fnMap":{"0":{"name":"getUserByIdOrName","decl":{"start":{"line":4,"column":16},"end":{"line":4,"column":33}},"loc":{"start":{"line":4,"column":50},"end":{"line":7,"column":1}}},"1":{"name":"(anonymous_1)","decl":{"start":{"line":6,"column":20},"end":{"line":6,"column":21}},"loc":{"start":{"line":6,"column":27},"end":{"line":6,"column":78}}},"2":{"name":"getShiftForUserOnDate","decl":{"start":{"line":9,"column":16},"end":{"line":9,"column":37}},"loc":{"start":{"line":13,"column":27},"end":{"line":20,"column":1}}},"3":{"name":"getScheduleForUserInRange","decl":{"start":{"line":22,"column":16},"end":{"line":22,"column":41}},"loc":{"start":{"line":26,"column":24},"end":{"line":47,"column":1}}},"4":{"name":"getAllUsersScheduleInRange","decl":{"start":{"line":49,"column":16},"end":{"line":49,"column":42}},"loc":{"start":{"line":49,"column":77},"end":{"line":60,"column":1}}},"5":{"name":"(anonymous_5)","decl":{"start":{"line":50,"column":19},"end":{"line":50,"column":20}},"loc":{"start":{"line":50,"column":30},"end":{"line":59,"column":4}}}},"branchMap":{"0":{"loc":{"start":{"line":6,"column":27},"end":{"line":6,"column":78}},"type":"binary-expr","locations":[{"start":{"line":6,"column":27},"end":{"line":6,"column":44}},{"start":{"line":6,"column":48},"end":{"line":6,"column":78}}]},"1":{"loc":{"start":{"line":13,"column":2},"end":{"line":13,"column":27}},"type":"default-arg","locations":[{"start":{"line":13,"column":26},"end":{"line":13,"column":27}}]},"2":{"loc":{"start":{"line":16,"column":15},"end":{"line":16,"column":54}},"type":"binary-expr","locations":[{"start":{"line":16,"column":15},"end":{"line":16,"column":26}},{"start":{"line":16,"column":30},"end":{"line":16,"column":54}}]},"3":{"loc":{"start":{"line":30,"column":2},"end":{"line":32,"column":3}},"type":"if","locations":[{"start":{"line":30,"column":2},"end":{"line":32,"column":3}},{"start":{},"end":{}}]},"4":{"loc":{"start":{"line":30,"column":6},"end":{"line":30,"column":67}},"type":"binary-expr","locations":[{"start":{"line":30,"column":6},"end":{"line":30,"column":28}},{"start":{"line":30,"column":32},"end":{"line":30,"column":52}},{"start":{"line":30,"column":56},"end":{"line":30,"column":67}}]},"5":{"loc":{"start":{"line":35,"column":4},"end":{"line":37,"column":40}},"type":"cond-expr","locations":[{"start":{"line":36,"column":8},"end":{"line":36,"column":21}},{"start":{"line":37,"column":9},"end":{"line":37,"column":40}}]},"6":{"loc":{"start":{"line":37,"column":9},"end":{"line":37,"column":40}},"type":"binary-expr","locations":[{"start":{"line":37,"column":9},"end":{"line":37,"column":35}},{"start":{"line":37,"column":39},"end":{"line":37,"column":40}}]}},"s":{"0":2,"1":2,"2":2,"3":2,"4":2,"5":2,"6":9,"7":9,"8":19,"9":2,"10":2,"11":2,"12":2,"13":2,"14":16,"15":16,"16":16,"17":2,"18":14,"19":14,"20":14,"21":14,"22":14,"23":47,"24":47,"25":47,"26":14,"27":2,"28":8},"f":{"0":9,"1":19,"2":2,"3":16,"4":2,"5":8},"b":{"0":[19,19],"1":[2],"2":[2,2],"3":[2,14],"4":[16,15,15],"5":[0,14],"6":[14,14]}}
,"/home/rizkykr/Documents/Project/hrapp/src/utils/exportUtils.ts": {"path":"/home/rizkykr/Documents/Project/hrapp/src/utils/exportUtils.ts","statementMap":{"0":{"start":{"line":10,"column":0},"end":{"line":10,"column":16}},"1":{"start":{"line":1,"column":0},"end":{"line":1,"column":44}},"2":{"start":{"line":15,"column":26},"end":{"line":15,"column":28}},"3":{"start":{"line":16,"column":16},"end":{"line":16,"column":31}},"4":{"start":{"line":17,"column":18},"end":{"line":17,"column":31}},"5":{"start":{"line":18,"column":17},"end":{"line":18,"column":25}},"6":{"start":{"line":20,"column":2},"end":{"line":23,"column":3}},"7":{"start":{"line":21,"column":4},"end":{"line":21,"column":46}},"8":{"start":{"line":22,"column":4},"end":{"line":22,"column":51}},"9":{"start":{"line":25,"column":19},"end":{"line":38,"column":4}},"10":{"start":{"line":26,"column":24},"end":{"line":30,"column":null}},"11":{"start":{"line":27,"column":31},"end":{"line":30,"column":8}},"12":{"start":{"line":32,"column":16},"end":{"line":36,"column":6}},"13":{"start":{"line":35,"column":26},"end":{"line":35,"column":50}},"14":{"start":{"line":37,"column":4},"end":{"line":37,"column":25}},"15":{"start":{"line":40,"column":2},"end":{"line":40,"column":64}}},"fnMap":{"0":{"name":"exportToCSV","decl":{"start":{"line":10,"column":16},"end":{"line":10,"column":27}},"loc":{"start":{"line":13,"column":13},"end":{"line":41,"column":1}}},"1":{"name":"(anonymous_1)","decl":{"start":{"line":25,"column":28},"end":{"line":25,"column":29}},"loc":{"start":{"line":25,"column":37},"end":{"line":38,"column":3}}},"2":{"name":"(anonymous_2)","decl":{"start":{"line":27,"column":24},"end":{"line":27,"column":25}},"loc":{"start":{"line":27,"column":31},"end":{"line":30,"column":8}}},"3":{"name":"(anonymous_3)","decl":{"start":{"line":35,"column":19},"end":{"line":35,"column":20}},"loc":{"start":{"line":35,"column":26},"end":{"line":35,"column":50}}}},"branchMap":{"0":{"loc":{"start":{"line":35,"column":26},"end":{"line":35,"column":50}},"type":"binary-expr","locations":[{"start":{"line":35,"column":26},"end":{"line":35,"column":44}},{"start":{"line":35,"column":48},"end":{"line":35,"column":50}}]}},"s":{"0":1,"1":1,"2":1,"3":1,"4":1,"5":1,"6":1,"7":2,"8":2,"9":1,"10":1,"11":2,"12":1,"13":2,"14":1,"15":1},"f":{"0":1,"1":1,"2":2,"3":2},"b":{"0":[2,0]}}
}
