TN:
SF:src/index.ts
FN:12,(anonymous_1)
FN:16,(anonymous_2)
FNF:2
FNH:0
FNDA:0,(anonymous_1)
FNDA:0,(anonymous_2)
DA:1,1
DA:2,1
DA:3,1
DA:5,1
DA:6,1
DA:7,1
DA:10,1
DA:12,1
DA:14,1
DA:15,1
DA:16,0
DA:18,1
LF:12
LH:11
BRDA:14,0,0,1
BRDA:14,0,1,1
BRDA:15,1,0,0
BRDA:15,1,1,1
BRF:4
BRH:3
end_of_record
TN:
SF:src/controllers/scheduleController.ts
FN:11,(anonymous_0)
FN:24,(anonymous_1)
FN:36,(anonymous_2)
FN:70,(anonymous_3)
FN:93,(anonymous_4)
FN:103,(anonymous_5)
FN:106,(anonymous_6)
FN:122,(anonymous_7)
FNF:8
FNH:5
FNDA:1,(anonymous_0)
FNDA:4,(anonymous_1)
FNDA:3,(anonymous_2)
FNDA:1,(anonymous_3)
FNDA:2,(anonymous_4)
FNDA:0,(anonymous_5)
FNDA:0,(anonymous_6)
FNDA:0,(anonymous_7)
DA:2,1
DA:8,1
DA:11,1
DA:12,1
DA:13,1
DA:14,0
DA:19,1
DA:20,1
DA:24,4
DA:29,1
DA:31,0
DA:36,1
DA:37,3
DA:38,3
DA:39,0
DA:45,3
DA:46,3
DA:47,0
DA:50,3
DA:51,3
DA:57,3
DA:63,0
DA:70,1
DA:71,1
DA:72,1
DA:73,0
DA:76,1
DA:78,1
DA:79,1
DA:80,1
DA:81,0
DA:84,1
DA:89,1
DA:93,2
DA:100,0
DA:103,0
DA:106,0
DA:112,1
DA:113,1
DA:114,1
DA:115,1
DA:117,0
DA:122,1
DA:123,0
DA:124,0
DA:125,0
DA:128,0
DA:129,0
DA:130,0
DA:131,0
DA:132,0
DA:133,0
DA:144,0
LF:53
LH:32
BRDA:13,0,0,0
BRDA:13,0,1,1
BRDA:13,1,0,1
BRDA:13,1,1,1
BRDA:38,2,0,0
BRDA:38,2,1,3
BRDA:38,3,0,3
BRDA:38,3,1,3
BRDA:38,3,2,3
BRDA:46,4,0,0
BRDA:46,4,1,3
BRDA:72,5,0,0
BRDA:72,5,1,1
BRDA:72,6,0,1
BRDA:72,6,1,1
BRDA:78,7,0,1
BRDA:78,7,1,0
BRDA:80,8,0,0
BRDA:80,8,1,1
BRDA:124,9,0,0
BRDA:124,9,1,0
BRDA:124,10,0,0
BRDA:124,10,1,0
BRDA:129,11,0,0
BRDA:129,11,1,0
BRF:25
BRH:13
end_of_record
TN:
SF:src/models/user.ts
FNF:0
FNH:0
DA:11,2
LF:1
LH:1
BRF:0
BRH:0
end_of_record
TN:
SF:src/routes/apiRoutes.ts
FN:11,(anonymous_0)
FNF:1
FNH:1
FNDA:4,(anonymous_0)
DA:1,1
DA:2,1
DA:9,1
DA:11,1
DA:12,4
DA:17,1
DA:18,1
DA:20,1
LF:8
LH:8
BRDA:12,0,0,3
BRDA:12,0,1,1
BRF:2
BRH:2
end_of_record
TN:
SF:src/services/scheduleService.ts
FN:4,getUserByIdOrName
FN:6,(anonymous_1)
FN:9,getShiftForUserOnDate
FN:22,getScheduleForUserInRange
FN:49,getAllUsersScheduleInRange
FN:50,(anonymous_5)
FNF:6
FNH:6
FNDA:9,getUserByIdOrName
FNDA:19,(anonymous_1)
FNDA:2,getShiftForUserOnDate
FNDA:16,getScheduleForUserInRange
FNDA:2,getAllUsersScheduleInRange
FNDA:8,(anonymous_5)
DA:1,2
DA:2,2
DA:4,2
DA:5,9
DA:6,19
DA:9,2
DA:15,2
DA:16,2
DA:17,2
DA:18,2
DA:19,2
DA:22,2
DA:28,16
DA:29,16
DA:30,16
DA:31,2
DA:33,14
DA:35,14
DA:38,14
DA:39,14
DA:40,47
DA:41,47
DA:42,47
DA:46,14
DA:49,2
DA:50,8
LF:26
LH:26
BRDA:6,0,0,19
BRDA:6,0,1,19
BRDA:13,1,0,2
BRDA:16,2,0,2
BRDA:16,2,1,2
BRDA:30,3,0,2
BRDA:30,3,1,14
BRDA:30,4,0,16
BRDA:30,4,1,15
BRDA:30,4,2,15
BRDA:35,5,0,0
BRDA:35,5,1,14
BRDA:37,6,0,14
BRDA:37,6,1,14
BRF:14
BRH:13
end_of_record
TN:
SF:src/utils/exportUtils.ts
FN:10,exportToCSV
FN:25,(anonymous_1)
FN:27,(anonymous_2)
FN:35,(anonymous_3)
FNF:4
FNH:4
FNDA:1,exportToCSV
FNDA:1,(anonymous_1)
FNDA:2,(anonymous_2)
FNDA:2,(anonymous_3)
DA:1,1
DA:10,1
DA:15,1
DA:16,1
DA:17,1
DA:18,1
DA:20,1
DA:21,2
DA:22,2
DA:25,1
DA:26,1
DA:27,2
DA:32,1
DA:35,2
DA:37,1
DA:40,1
LF:16
LH:16
BRDA:35,0,0,2
BRDA:35,0,1,0
BRF:2
BRH:1
end_of_record
